OSMonitor/app/build/outputs/logs/manifest-merger-debug-report.txt
-- Merging decision tree log ---
manifest
ADDED from AndroidManifest.xml:2:1
	package
		ADDED from AndroidManifest.xml:4:5
		INJECTED from AndroidManifest.xml:0:0
		INJECTED from AndroidManifest.xml:0:0
	android:versionName
		INJECTED from AndroidManifest.xml:0:0
		INJECTED from AndroidManifest.xml:0:0
	xmlns:tools
		ADDED from AndroidManifest.xml:3:5
	xmlns:android
		ADDED from AndroidManifest.xml:2:11
	android:versionCode
		INJECTED from AndroidManifest.xml:0:0
		INJECTED from AndroidManifest.xml:0:0
	android:installLocation
		ADDED from AndroidManifest.xml:5:5
uses-permission#android.permission.INTERNET
ADDED from AndroidManifest.xml:7:5
	android:name
		ADDED from AndroidManifest.xml:7:22
uses-permission#android.permission.WRITE_EXTERNAL_STORAGE
ADDED from AndroidManifest.xml:8:5
	android:name
		ADDED from AndroidManifest.xml:8:22
uses-permission#android.permission.READ_LOGS
ADDED from AndroidManifest.xml:9:5
	android:name
		ADDED from AndroidManifest.xml:9:22
uses-permission#android.permission.RESTART_PACKAGES
ADDED from AndroidManifest.xml:10:5
	android:name
		ADDED from AndroidManifest.xml:10:22
uses-permission#android.permission.KILL_BACKGROUND_PROCESSES
ADDED from AndroidManifest.xml:11:5
	android:name
		ADDED from AndroidManifest.xml:11:22
uses-permission#android.permission.RECEIVE_BOOT_COMPLETED
ADDED from AndroidManifest.xml:12:5
	android:name
		ADDED from AndroidManifest.xml:12:22
uses-permission#android.permission.ACCESS_SUPERUSER
ADDED from AndroidManifest.xml:13:5
	android:name
		ADDED from AndroidManifest.xml:13:22
supports-screens
ADDED from AndroidManifest.xml:16:5
	android:largeScreens
		ADDED from AndroidManifest.xml:18:9
	android:smallScreens
		ADDED from AndroidManifest.xml:21:9
	android:normalScreens
		ADDED from AndroidManifest.xml:19:9
	android:xlargeScreens
		ADDED from AndroidManifest.xml:22:9
	android:resizeable
		ADDED from AndroidManifest.xml:20:9
	android:anyDensity
		ADDED from AndroidManifest.xml:17:9
application
ADDED from AndroidManifest.xml:24:5
MERGED from OSMonitor:volley:unspecified:9:5
MERGED from OSMonitor:colorpicker:unspecified:9:5
MERGED from com.android.support:appcompat-v7:22.2.0:22:5
MERGED from com.android.support:support-v4:22.2.0:22:5
	android:label
		ADDED from AndroidManifest.xml:28:9
	android:allowClearUserData
		ADDED from AndroidManifest.xml:26:9
	android:allowBackup
		ADDED from AndroidManifest.xml:25:9
	android:icon
		ADDED from AndroidManifest.xml:27:9
	android:largeHeap
		ADDED from AndroidManifest.xml:29:9
	android:theme
		ADDED from AndroidManifest.xml:30:9
	tools:replace
		ADDED from AndroidManifest.xml:31:9
activity#com.eolwral.osmonitor.MainActivity
ADDED from AndroidManifest.xml:32:9
	android:launchMode
		ADDED from AndroidManifest.xml:35:13
	android:configChanges
		ADDED from AndroidManifest.xml:34:13
	android:name
		ADDED from AndroidManifest.xml:33:13
intent-filter#android.intent.action.MAIN+android.intent.category.LAUNCHER
ADDED from AndroidManifest.xml:36:13
action#android.intent.action.MAIN
ADDED from AndroidManifest.xml:37:17
	android:name
		ADDED from AndroidManifest.xml:37:25
category#android.intent.category.LAUNCHER
ADDED from AndroidManifest.xml:39:17
	android:name
		ADDED from AndroidManifest.xml:39:27
service#com.eolwral.osmonitor.OSMonitorService
ADDED from AndroidManifest.xml:43:9
	android:exported
		ADDED from AndroidManifest.xml:45:13
	android:name
		ADDED from AndroidManifest.xml:44:13
provider#com.eolwral.osmonitor.provider.PreferenceContentProvider
ADDED from AndroidManifest.xml:48:9
	android:authorities
		ADDED from AndroidManifest.xml:50:13
	android:exported
		ADDED from AndroidManifest.xml:51:13
	android:name
		ADDED from AndroidManifest.xml:49:13
receiver#com.eolwral.osmonitor.BootUpReceiver
ADDED from AndroidManifest.xml:53:9
	android:enabled
		ADDED from AndroidManifest.xml:55:13
	android:exported
		ADDED from AndroidManifest.xml:56:13
	android:permission
		ADDED from AndroidManifest.xml:57:13
	android:name
		ADDED from AndroidManifest.xml:54:13
intent-filter#android.intent.action.BOOT_COMPLETED+android.intent.category.DEFAULT
ADDED from AndroidManifest.xml:58:13
action#android.intent.action.BOOT_COMPLETED
ADDED from AndroidManifest.xml:59:17
	android:name
		ADDED from AndroidManifest.xml:59:25
category#android.intent.category.DEFAULT
ADDED from AndroidManifest.xml:61:17
	android:name
		ADDED from AndroidManifest.xml:61:27
activity#com.eolwral.osmonitor.preference.OSMPreference
ADDED from AndroidManifest.xml:65:9
	android:exported
		ADDED from AndroidManifest.xml:67:13
	android:name
		ADDED from AndroidManifest.xml:66:13
service#com.eolwral.osmonitor.CollectorService
ADDED from AndroidManifest.xml:69:9
	android:enabled
		ADDED from AndroidManifest.xml:71:13
	android:exported
		ADDED from AndroidManifest.xml:72:13
	android:name
		ADDED from AndroidManifest.xml:70:13
service#com.eolwral.osmonitor.OSMonitorCollectorService
ADDED from AndroidManifest.xml:74:9
	android:enabled
		ADDED from AndroidManifest.xml:76:13
	android:exported
		ADDED from AndroidManifest.xml:77:13
	android:name
		ADDED from AndroidManifest.xml:75:13
uses-sdk
INJECTED from AndroidManifest.xml:0:0 reason: use-sdk injection requested
MERGED from OSMonitor:volley:unspecified:7:5
MERGED from OSMonitor:colorpicker:unspecified:7:5
MERGED from com.android.support:appcompat-v7:22.2.0:20:5
MERGED from com.android.support:support-v4:22.2.0:20:5
	android:targetSdkVersion
		INJECTED from AndroidManifest.xml:0:0
		INJECTED from AndroidManifest.xml:0:0
	android:minSdkVersion
		INJECTED from AndroidManifest.xml:0:0
		INJECTED from AndroidManifest.xml:0:0